<?xml version="1.0" encoding="UTF-8"?>
<!-- Generated by org.testng.reporters.JUnitReportReporter -->
<testsuite skipped="0" hostname="DESKTOP-RI13JPR" name="testing_basics.Multiple_TestCases_Class" tests="12" failures="0" timestamp="2022-05-26T16:57:52 EDT" time="0.033" errors="0">
  <testcase name="logOut" time="0.001" classname="testing_basics.Multiple_TestCases_Class"/>
  <system-out/>
  <testcase name="validateLoginHomePage" time="0.001" classname="testing_basics.Multiple_TestCases_Class"/>
  <system-out/>
  <testcase name="launchURL" time="0.003" classname="testing_basics.Multiple_TestCases_Class"/>
  <system-out/>
  <testcase name="validateLoginHomePage" time="0.002" classname="testing_basics.Multiple_TestCases_Class"/>
  <system-out/>
  <testcase name="enterCredentials" time="0.002" classname="testing_basics.Multiple_TestCases_Class"/>
  <system-out/>
  <testcase name="enterCredentials" time="0.002" classname="testing_basics.Multiple_TestCases_Class"/>
  <system-out/>
  <testcase name="logOut" time="0.002" classname="testing_basics.Multiple_TestCases_Class"/>
  <system-out/>
  <testcase name="launchURL" time="0.002" classname="testing_basics.Multiple_TestCases_Class"/>
  <system-out/>
  <testcase name="launchURL" time="0.002" classname="testing_basics.Multiple_TestCases_Class"/>
  <system-out/>
  <testcase name="validateLoginHomePage" time="0.007" classname="testing_basics.Multiple_TestCases_Class"/>
  <system-out/>
  <testcase name="enterCredentials" time="0.008" classname="testing_basics.Multiple_TestCases_Class"/>
  <system-out/>
  <testcase name="logOut" time="0.001" classname="testing_basics.Multiple_TestCases_Class"/>
  <system-out/>
</testsuite> <!-- testing_basics.Multiple_TestCases_Class -->
