<?xml version="1.0" encoding="UTF-8"?>
<!-- Generated by org.testng.reporters.JUnitReportReporter -->
<testsuite skipped="0" hostname="DESKTOP-RI13JPR" name="testNG.Priorty_TestCases_Execution" tests="4" failures="0" timestamp="2022-05-25T15:56:52 EDT" time="0.015" errors="0">
  <testcase name="Apple" time="0.009" classname="testNG.Priorty_TestCases_Execution"/>
  <system-out/>
  <testcase name="Ballon" time="0.002" classname="testNG.Priorty_TestCases_Execution"/>
  <system-out/>
  <testcase name="Zebra" time="0.002" classname="testNG.Priorty_TestCases_Execution"/>
  <system-out/>
  <testcase name="Coding" time="0.002" classname="testNG.Priorty_TestCases_Execution"/>
  <system-out/>
</testsuite> <!-- testNG.Priorty_TestCases_Execution -->
