<?xml version="1.0" encoding="UTF-8"?>
<!-- Generated by org.testng.reporters.JUnitReportReporter -->
<testsuite skipped="0" hostname="DESKTOP-RI13JPR" name="testing_basics.FirstCode" tests="1" failures="0" timestamp="2022-05-25T14:39:41 EDT" time="8.499" errors="0">
  <testcase name="init" time="8.499" classname="testing_basics.FirstCode"/>
  <system-out/>
</testsuite> <!-- testing_basics.FirstCode -->
