<?xml version="1.0" encoding="UTF-8"?>
<!-- Generated by org.testng.reporters.JUnitReportReporter -->
<testsuite skipped="0" hostname="DESKTOP-RI13JPR" name="testing_basics.Concepts_dataProvider" tests="3" failures="0" timestamp="2022-05-26T16:27:40 EDT" time="0.011" errors="0">
  <testcase name="RegisterUser" time="0.007" classname="testing_basics.Concepts_dataProvider"/>
  <system-out/>
  <testcase name="RegisterUser" time="0.002" classname="testing_basics.Concepts_dataProvider"/>
  <system-out/>
  <testcase name="RegisterUser" time="0.002" classname="testing_basics.Concepts_dataProvider"/>
  <system-out/>
</testsuite> <!-- testing_basics.Concepts_dataProvider -->
