<?xml version="1.0" encoding="UTF-8"?>
<!-- Generated by org.testng.reporters.JUnitReportReporter -->
<testsuite skipped="0" hostname="DESKTOP-RI13JPR" name="testNG.ITestContext_Learning" tests="3" failures="0" timestamp="2022-05-25T18:41:44 EDT" time="0.014" errors="0">
  <testcase name="operating" time="0.002" classname="testNG.ITestContext_Learning"/>
  <system-out/>
  <testcase name="switchedOff" time="0.003" classname="testNG.ITestContext_Learning"/>
  <system-out/>
  <testcase name="switchedOn" time="0.009" classname="testNG.ITestContext_Learning"/>
  <system-out/>
</testsuite> <!-- testNG.ITestContext_Learning -->
