<?xml version="1.0" encoding="UTF-8"?>
<!-- Generated by org.testng.reporters.JUnitReportReporter -->
<testsuite skipped="0" hostname="DESKTOP-RI13JPR" name="data_DataProvider.TestCases_DataProvider" tests="9" failures="0" timestamp="2022-05-25T17:46:12 EDT" time="0.024" errors="0">
  <testcase name="registerUser" time="0.002" classname="data_DataProvider.TestCases_DataProvider"/>
  <system-out/>
  <testcase name="deleteUser" time="0.002" classname="data_DataProvider.TestCases_DataProvider"/>
  <system-out/>
  <testcase name="addUser" time="0.002" classname="data_DataProvider.TestCases_DataProvider"/>
  <system-out/>
  <testcase name="registerUser" time="0.001" classname="data_DataProvider.TestCases_DataProvider"/>
  <system-out/>
  <testcase name="addUser" time="0.002" classname="data_DataProvider.TestCases_DataProvider"/>
  <system-out/>
  <testcase name="registerUser" time="0.003" classname="data_DataProvider.TestCases_DataProvider"/>
  <system-out/>
  <testcase name="deleteUser" time="0.002" classname="data_DataProvider.TestCases_DataProvider"/>
  <system-out/>
  <testcase name="deleteUser" time="0.002" classname="data_DataProvider.TestCases_DataProvider"/>
  <system-out/>
  <testcase name="addUser" time="0.008" classname="data_DataProvider.TestCases_DataProvider"/>
  <system-out/>
</testsuite> <!-- data_DataProvider.TestCases_DataProvider -->
