<?xml version="1.0" encoding="UTF-8"?>
<!-- Generated by org.testng.reporters.JUnitReportReporter -->
<testsuite hostname="DESKTOP-RI13JPR" failures="0" tests="3" name="testing_basics.Special_TestNG" time="0.043" errors="0" timestamp="2022-05-07T18:51:39 EDT" skipped="0">
  <testcase classname="testing_basics.Special_TestNG" name="test2" time="0.006"/>
  <system-out/>
  <testcase classname="testing_basics.Special_TestNG" name="test3" time="0.016"/>
  <system-out/>
  <testcase classname="testing_basics.Special_TestNG" name="test1" time="0.021"/>
  <system-out/>
</testsuite> <!-- testing_basics.Special_TestNG -->
